c:\users\wangc\source\repos\blocks-battle\blocks-battle\debug\blocks-battle.pch
c:\users\wangc\source\repos\blocks-battle\blocks-battle\debug\vc142.pdb
c:\users\wangc\source\repos\blocks-battle\blocks-battle\debug\vc142.idb
c:\users\wangc\source\repos\blocks-battle\blocks-battle\debug\pch.obj
c:\users\wangc\source\repos\blocks-battle\blocks-battle\debug\star.obj
c:\users\wangc\source\repos\blocks-battle\blocks-battle\debug\stage.obj
c:\users\wangc\source\repos\blocks-battle\blocks-battle\debug\settings.obj
c:\users\wangc\source\repos\blocks-battle\blocks-battle\debug\script.obj
c:\users\wangc\source\repos\blocks-battle\blocks-battle\debug\musicbtn.obj
c:\users\wangc\source\repos\blocks-battle\blocks-battle\debug\music.obj
c:\users\wangc\source\repos\blocks-battle\blocks-battle\debug\menu.obj
c:\users\wangc\source\repos\blocks-battle\blocks-battle\debug\mouse.obj
c:\users\wangc\source\repos\blocks-battle\blocks-battle\debug\load.obj
c:\users\wangc\source\repos\blocks-battle\blocks-battle\debug\heart.obj
c:\users\wangc\source\repos\blocks-battle\blocks-battle\debug\game.obj
c:\users\wangc\source\repos\blocks-battle\blocks-battle\debug\flash.obj
c:\users\wangc\source\repos\blocks-battle\blocks-battle\debug\exit.obj
c:\users\wangc\source\repos\blocks-battle\blocks-battle\debug\difficulty.obj
c:\users\wangc\source\repos\blocks-battle\blocks-battle\debug\color.obj
c:\users\wangc\source\repos\blocks-battle\blocks-battle\debug\button.obj
c:\users\wangc\source\repos\blocks-battle\blocks-battle\debug\brick.obj
c:\users\wangc\source\repos\blocks-battle\blocks-battle\debug\board.obj
c:\users\wangc\source\repos\blocks-battle\blocks-battle\debug\blocks-battle.obj
c:\users\wangc\source\repos\blocks-battle\blocks-battle\debug\ball.obj
c:\users\wangc\source\repos\blocks-battle\blocks-battle\debug\top.obj
c:\users\wangc\source\repos\blocks-battle\blocks-battle\debug\time.obj
c:\users\wangc\source\repos\blocks-battle\blocks-battle\debug\start.obj
c:\users\wangc\source\repos\blocks-battle\blocks-battle\debug\blocks-battle.ilk
c:\users\wangc\source\repos\blocks-battle\debug\blocks-battle.exe
c:\users\wangc\source\repos\blocks-battle\debug\blocks-battle.pdb
c:\users\wangc\source\repos\blocks-battle\blocks-battle\debug\blocks-battle.res
c:\users\wangc\source\repos\blocks-battle\blocks-battle\debug\blocks-battle.tlog\cl.command.1.tlog
c:\users\wangc\source\repos\blocks-battle\blocks-battle\debug\blocks-battle.tlog\cl.read.1.tlog
c:\users\wangc\source\repos\blocks-battle\blocks-battle\debug\blocks-battle.tlog\cl.write.1.tlog
c:\users\wangc\source\repos\blocks-battle\blocks-battle\debug\blocks-battle.tlog\link.command.1.tlog
c:\users\wangc\source\repos\blocks-battle\blocks-battle\debug\blocks-battle.tlog\link.read.1.tlog
c:\users\wangc\source\repos\blocks-battle\blocks-battle\debug\blocks-battle.tlog\link.write.1.tlog
c:\users\wangc\source\repos\blocks-battle\blocks-battle\debug\blocks-battle.tlog\rc.command.1.tlog
c:\users\wangc\source\repos\blocks-battle\blocks-battle\debug\blocks-battle.tlog\rc.read.1.tlog
c:\users\wangc\source\repos\blocks-battle\blocks-battle\debug\blocks-battle.tlog\rc.write.1.tlog
